0 info it worked if it ends with ok
1 verbose cli [ '/Users/evanjones/.nvm/versions/node/v7.5.0/bin/node',
1 verbose cli   '/Users/evanjones/.nvm/versions/node/v7.5.0/bin/npm',
1 verbose cli   'run',
1 verbose cli   'build' ]
2 info using npm@4.1.2
3 info using node@v7.5.0
4 verbose run-script [ 'prebuild', 'build', 'postbuild' ]
5 info lifecycle MicroservicesTS@0.2.0~prebuild: MicroservicesTS@0.2.0
6 silly lifecycle MicroservicesTS@0.2.0~prebuild: no script for prebuild, continuing
7 info lifecycle MicroservicesTS@0.2.0~build: MicroservicesTS@0.2.0
8 verbose lifecycle MicroservicesTS@0.2.0~build: unsafe-perm in lifecycle true
9 verbose lifecycle MicroservicesTS@0.2.0~build: PATH: /Users/evanjones/.nvm/versions/node/v7.5.0/lib/node_modules/npm/bin/node-gyp-bin:/Users/evanjones/Desktop/evansapps/micro/node_modules/.bin:/Users/evanjones/Desktop/evansapps/micro/node_modules/.bin:/Users/evanjones/.config/yarn/link/node_modules/.bin:/Users/evanjones/Desktop/evansapps/micro/node_modules/.bin:/Users/evanjones/.config/yarn/link/node_modules/.bin:/Users/evanjones/.nvm/versions/node/v7.5.0/lib/node_modules/yarn/bin/node-gyp-bin:/Users/evanjones/.nvm/versions/node/v7.5.0/bin:/usr/local/bin:/usr/bin:/bin:/usr/sbin:/sbin:/usr/local/share/dotnet:/Users/evanjones/Library/Android/sdk/tools:/Users/evanjones/Library/Android/sdk/platform-tools:/Users/evanjones/Library/Android/sdk/tools:/Users/evanjones/Library/Android/sdk/platform-tools
10 verbose lifecycle MicroservicesTS@0.2.0~build: CWD: /Users/evanjones/Desktop/evansapps/micro
11 silly lifecycle MicroservicesTS@0.2.0~build: Args: [ '-c', 'tsc -p tsconfig.json' ]
12 silly lifecycle MicroservicesTS@0.2.0~build: Returned: code: 2  signal: null
13 info lifecycle MicroservicesTS@0.2.0~build: Failed to exec build script
14 verbose stack Error: MicroservicesTS@0.2.0 build: `tsc -p tsconfig.json`
14 verbose stack Exit status 2
14 verbose stack     at EventEmitter.<anonymous> (/Users/evanjones/.nvm/versions/node/v7.5.0/lib/node_modules/npm/lib/utils/lifecycle.js:279:16)
14 verbose stack     at emitTwo (events.js:106:13)
14 verbose stack     at EventEmitter.emit (events.js:192:7)
14 verbose stack     at ChildProcess.<anonymous> (/Users/evanjones/.nvm/versions/node/v7.5.0/lib/node_modules/npm/lib/utils/spawn.js:40:14)
14 verbose stack     at emitTwo (events.js:106:13)
14 verbose stack     at ChildProcess.emit (events.js:192:7)
14 verbose stack     at maybeClose (internal/child_process.js:890:16)
14 verbose stack     at Process.ChildProcess._handle.onexit (internal/child_process.js:226:5)
15 verbose pkgid MicroservicesTS@0.2.0
16 verbose cwd /Users/evanjones/Desktop/evansapps/micro
17 error Darwin 16.4.0
18 error argv "/Users/evanjones/.nvm/versions/node/v7.5.0/bin/node" "/Users/evanjones/.nvm/versions/node/v7.5.0/bin/npm" "run" "build"
19 error node v7.5.0
20 error npm  v4.1.2
21 error code ELIFECYCLE
22 error MicroservicesTS@0.2.0 build: `tsc -p tsconfig.json`
22 error Exit status 2
23 error Failed at the MicroservicesTS@0.2.0 build script 'tsc -p tsconfig.json'.
23 error Make sure you have the latest version of node.js and npm installed.
23 error If you do, this is most likely a problem with the MicroservicesTS package,
23 error not with npm itself.
23 error Tell the author that this fails on your system:
23 error     tsc -p tsconfig.json
23 error You can get information on how to open an issue for this project with:
23 error     npm bugs MicroservicesTS
23 error Or if that isn't available, you can get their info via:
23 error     npm owner ls MicroservicesTS
23 error There is likely additional logging output above.
24 verbose exit [ 1, true ]
